{"C:\\Users\\infra\\OneDrive\\Documents\\tutorial\\deployment_test\\packages\\host\\src\\component\\host.js": {"path":"C:\\Users\\infra\\OneDrive\\Documents\\tutorial\\deployment_test\\packages\\host\\src\\component\\host.js","statementMap":{"0":{"start":{"line":3,"column":0},"end":{"line":3,"column":22}},"1":{"start":{"line":6,"column":4},"end":{"line":6,"column":29}}},"fnMap":{"0":{"name":"host","decl":{"start":{"line":5,"column":9},"end":{"line":5,"column":13}},"loc":{"start":{"line":5,"column":16},"end":{"line":7,"column":1}},"line":5}},"branchMap":{},"s":{"0":1,"1":1},"f":{"0":1},"b":{},"_coverageSchema":"1a1c01bbd47fc00a2c39e90264f33305004495a9","hash":"efe783ae05eab601f613a3a27dd92c84e3b1dbb6"}
}
